<?xml version="1.0" encoding="UTF-8"?>
<!-- Generated by org.testng.reporters.JUnitReportReporter -->
<testsuite hostname="LAPTOP-HMLBATVJ" failures="0" tests="5" name="Myntra.Shoping" time="12.031" errors="0" timestamp="2022-12-28T13:07:44 IST" skipped="0">
  <testcase classname="Myntra.Shoping" name="browserLaunch" time="10.617"/>
  <system-out/>
  <testcase classname="Myntra.Shoping" name="productCost" time="1.320"/>
  <system-out/>
  <testcase classname="Myntra.Shoping" name="titleProduct" time="0.031"/>
  <system-out/>
  <testcase classname="Myntra.Shoping" name="subproduct" time="0.032"/>
  <system-out/>
  <testcase classname="Myntra.Shoping" name="subproductname" time="0.031"/>
  <system-out/>
</testsuite> <!-- Myntra.Shoping -->
